2025-08-22 22:04:47,462 INFO ConfiguratorApp __init__ started
2025-08-22 22:04:47,518 INFO Tkinter __init__ started
2025-08-22 22:04:47,518 INFO picklist_frame created
2025-08-22 22:04:47,518 INFO picklist_frame packed
2025-08-22 22:04:47,541 INFO picklist_label created
2025-08-22 22:04:47,541 INFO picklist_label packed
2025-08-22 22:04:47,545 INFO example_menu created
2025-08-22 22:04:47,545 INFO example_menu packed
2025-08-22 22:04:47,546 INFO example_menu bind complete
2025-08-22 22:04:47,551 INFO content_frame created
2025-08-22 22:04:47,551 INFO content_frame packed
2025-08-22 22:04:47,551 INFO default_envs_frame created
2025-08-22 22:04:47,551 INFO default_envs_frame packed
2025-08-22 22:04:47,553 INFO default_envs_label created
2025-08-22 22:04:47,553 INFO default_envs_label packed
2025-08-22 22:04:47,554 INFO default_envs_entry created
2025-08-22 22:04:47,554 INFO default_envs_entry packed
2025-08-22 22:04:47,557 INFO example_env_label created
2025-08-22 22:04:47,557 INFO example_env_label packed
2025-08-22 22:04:47,559 INFO copy_env_button created
2025-08-22 22:04:47,559 INFO copy_env_button packed
2025-08-22 22:04:47,559 INFO main_row_frame created
2025-08-22 22:04:47,559 INFO main_row_frame packed
2025-08-22 22:04:47,560 INFO workflow_frame created
2025-08-22 22:04:47,560 INFO flash_cards loaded
2025-08-22 22:04:47,560 INFO flash_frame created
2025-08-22 22:04:47,561 INFO flash_frame packed
2025-08-22 22:04:47,561 INFO objective_menu created
2025-08-22 22:04:47,561 INFO objective_menu packed
2025-08-22 22:04:47,561 INFO objective_menu bind complete
2025-08-22 22:04:47,561 INFO flash_card_display_frame created
2025-08-22 22:04:47,562 INFO flash_card_display_frame packed
2025-08-22 22:04:47,562 INFO flash_card_desc_label created
2025-08-22 22:04:47,562 INFO flash_card_desc_label packed
2025-08-22 22:04:47,562 INFO flash_card_files_label created
2025-08-22 22:04:47,562 INFO flash_card_files_label packed
2025-08-22 22:04:47,563 INFO flash_card_instructions_label created
2025-08-22 22:04:47,563 INFO flash_card_instructions_label packed
2025-08-22 22:04:47,563 INFO flash_card_related_label created
2025-08-22 22:04:47,563 INFO flash_card_related_label packed
2025-08-22 22:04:47,564 INFO flash_card_docs_label created
2025-08-22 22:04:47,564 INFO flash_card_docs_label packed
2025-08-22 22:04:47,565 INFO flash_card_warnings_label created
2025-08-22 22:04:47,565 INFO flash_card_warnings_label packed
2025-08-22 22:04:47,565 INFO flash_cards loaded
2025-08-22 22:04:47,565 INFO keywords_frame created
2025-08-22 22:04:47,565 INFO keywords_frame packed
2025-08-22 22:04:47,565 INFO update_flash_card_display called
2025-08-22 22:04:47,565 DEBUG Flash card selected: Select objective, card data: {'objective': 'Select objective', 'description': '', 'files to edit': '', 'keywords': [], 'instructions': [], 'related_settings': [], 'docs_link': '', 'warnings': ''}
2025-08-22 22:04:47,565 INFO update_flash_card_keywords called
2025-08-22 22:04:47,566 INFO update_flash_card_display called after all flash card widgets created
2025-08-22 22:04:47,566 INFO workflow_data loaded
2025-08-22 22:04:47,569 INFO editor_frame created
2025-08-22 22:04:47,569 INFO editor_frame packed
2025-08-22 22:04:47,570 INFO current_file_label created
2025-08-22 22:04:47,570 INFO current_file_label packed
2025-08-22 22:04:47,571 INFO edit_label created
2025-08-22 22:04:47,571 INFO edit_label packed
2025-08-22 22:04:47,571 INFO controls_frame created
2025-08-22 22:04:47,571 INFO controls_frame packed
2025-08-22 22:04:47,571 INFO load_base_button created
2025-08-22 22:04:47,571 INFO load_base_button packed
2025-08-22 22:04:47,571 INFO load_example_button created
2025-08-22 22:04:47,571 INFO load_example_button packed
2025-08-22 22:04:47,571 INFO load_selected_button created
2025-08-22 22:04:47,571 INFO load_selected_button packed
2025-08-22 22:04:47,572 INFO filter_frame created
2025-08-22 22:04:47,572 INFO filter_frame packed
2025-08-22 22:04:47,572 INFO keyword_label created
2025-08-22 22:04:47,572 INFO keyword_label packed
2025-08-22 22:04:47,572 INFO keyword_entry created
2025-08-22 22:04:47,572 INFO keyword_entry packed
2025-08-22 22:04:47,572 INFO keyword_entry bound to KeyRelease for live filtering
2025-08-22 22:04:47,573 INFO view_in_context_button created
2025-08-22 22:04:47,573 INFO view_in_context_button packed
2025-08-22 22:04:47,574 INFO save_edit_button created
2025-08-22 22:04:47,574 INFO save_edit_button packed
2025-08-22 22:04:47,574 INFO build_firmware_button created
2025-08-22 22:04:47,574 INFO build_firmware_button packed
2025-08-22 22:04:47,574 INFO editor_frame canvas created
2025-08-22 22:04:47,574 INFO editor_frame scrollbar created
2025-08-22 22:04:47,574 INFO editor_frame scrollbar packed
2025-08-22 22:04:47,574 INFO editor_frame canvas packed
2025-08-22 22:04:47,574 INFO lines_frame created
2025-08-22 22:04:47,575 INFO lines_frame_id created
2025-08-22 22:09:57,755 INFO ConfiguratorApp __init__ started
2025-08-22 22:09:57,814 INFO Tkinter __init__ started
2025-08-22 22:09:57,814 INFO picklist_frame created
2025-08-22 22:09:57,814 INFO picklist_frame packed
2025-08-22 22:09:57,828 INFO picklist_label created
2025-08-22 22:09:57,828 INFO picklist_label packed
2025-08-22 22:09:57,831 INFO example_menu created
2025-08-22 22:09:57,831 INFO example_menu packed
2025-08-22 22:09:57,832 INFO example_menu bind complete
2025-08-22 22:09:57,835 INFO content_frame created
2025-08-22 22:09:57,835 INFO content_frame packed
2025-08-22 22:09:57,835 INFO default_envs_frame created
2025-08-22 22:09:57,835 INFO default_envs_frame packed
2025-08-22 22:09:57,837 INFO default_envs_label created
2025-08-22 22:09:57,837 INFO default_envs_label packed
2025-08-22 22:09:57,838 INFO default_envs_entry created
2025-08-22 22:09:57,838 INFO default_envs_entry packed
2025-08-22 22:09:57,840 INFO example_env_label created
2025-08-22 22:09:57,840 INFO example_env_label packed
2025-08-22 22:09:57,841 INFO copy_env_button created
2025-08-22 22:09:57,842 INFO copy_env_button packed
2025-08-22 22:09:57,842 INFO main_row_frame created
2025-08-22 22:09:57,842 INFO main_row_frame packed
2025-08-22 22:09:57,842 INFO workflow_frame created
2025-08-22 22:09:57,842 INFO flash_cards loaded
2025-08-22 22:09:57,842 INFO flash_frame created
2025-08-22 22:09:57,842 INFO flash_frame packed
2025-08-22 22:09:57,843 INFO objective_menu created
2025-08-22 22:09:57,843 INFO objective_menu packed
2025-08-22 22:09:57,843 INFO objective_menu bind complete
2025-08-22 22:09:57,843 INFO flash_card_display_frame created
2025-08-22 22:09:57,843 INFO flash_card_display_frame packed
2025-08-22 22:09:57,843 INFO flash_card_desc_label created
2025-08-22 22:09:57,843 INFO flash_card_desc_label packed
2025-08-22 22:09:57,844 INFO flash_card_files_label created
2025-08-22 22:09:57,844 INFO flash_card_files_label packed
2025-08-22 22:09:57,845 INFO flash_card_instructions_label created
2025-08-22 22:09:57,845 INFO flash_card_instructions_label packed
2025-08-22 22:09:57,845 INFO flash_card_related_label created
2025-08-22 22:09:57,845 INFO flash_card_related_label packed
2025-08-22 22:09:57,846 INFO flash_card_docs_label created
2025-08-22 22:09:57,846 INFO flash_card_docs_label packed
2025-08-22 22:09:57,848 INFO flash_card_warnings_label created
2025-08-22 22:09:57,848 INFO flash_card_warnings_label packed
2025-08-22 22:09:57,848 INFO flash_cards loaded
2025-08-22 22:09:57,848 INFO keywords_frame created
2025-08-22 22:09:57,848 INFO keywords_frame packed
2025-08-22 22:09:57,848 INFO update_flash_card_display called
2025-08-22 22:09:57,848 DEBUG Flash card selected: Select objective, card data: {'objective': 'Select objective', 'description': '', 'files to edit': '', 'keywords': [], 'instructions': [], 'related_settings': [], 'docs_link': '', 'warnings': ''}
2025-08-22 22:09:57,848 INFO update_flash_card_keywords called
2025-08-22 22:09:57,849 INFO update_flash_card_display called after all flash card widgets created
2025-08-22 22:09:57,849 INFO workflow_data loaded
2025-08-22 22:09:57,854 INFO editor_frame created
2025-08-22 22:09:57,854 INFO editor_frame packed
2025-08-22 22:09:57,855 INFO current_file_label created
2025-08-22 22:09:57,855 INFO current_file_label packed
2025-08-22 22:09:57,856 INFO edit_label created
2025-08-22 22:09:57,856 INFO edit_label packed
2025-08-22 22:09:57,856 INFO controls_frame created
2025-08-22 22:09:57,857 INFO controls_frame packed
2025-08-22 22:09:57,857 INFO load_base_button created
2025-08-22 22:09:57,857 INFO load_base_button packed
2025-08-22 22:09:57,857 INFO load_example_button created
2025-08-22 22:09:57,857 INFO load_example_button packed
2025-08-22 22:09:57,857 INFO load_selected_button created
2025-08-22 22:09:57,857 INFO load_selected_button packed
2025-08-22 22:09:57,857 INFO filter_frame created
2025-08-22 22:09:57,857 INFO filter_frame packed
2025-08-22 22:09:57,857 INFO keyword_label created
2025-08-22 22:09:57,858 INFO keyword_label packed
2025-08-22 22:09:57,858 INFO keyword_entry created
2025-08-22 22:09:57,858 INFO keyword_entry packed
2025-08-22 22:09:57,858 INFO keyword_entry bound to KeyRelease for live filtering
2025-08-22 22:09:57,858 INFO view_in_context_button created
2025-08-22 22:09:57,858 INFO view_in_context_button packed
2025-08-22 22:09:57,858 INFO save_edit_button created
2025-08-22 22:09:57,858 INFO save_edit_button packed
2025-08-22 22:09:57,858 INFO build_firmware_button created
2025-08-22 22:09:57,859 INFO build_firmware_button packed
2025-08-22 22:09:57,859 INFO editor_frame canvas created
2025-08-22 22:09:57,859 INFO editor_frame scrollbar created
2025-08-22 22:09:57,859 INFO editor_frame scrollbar packed
2025-08-22 22:09:57,859 INFO editor_frame canvas packed
2025-08-22 22:09:57,859 INFO lines_frame created
2025-08-22 22:09:57,859 INFO lines_frame_id created
2025-08-22 22:13:05,606 INFO ConfiguratorApp __init__ started
2025-08-22 22:13:05,659 INFO Tkinter __init__ started
2025-08-22 22:13:05,660 INFO picklist_frame created
2025-08-22 22:13:05,660 INFO picklist_frame packed
2025-08-22 22:13:05,675 INFO picklist_label created
2025-08-22 22:13:05,675 INFO picklist_label packed
2025-08-22 22:13:05,679 INFO example_menu created
2025-08-22 22:13:05,680 INFO example_menu packed
2025-08-22 22:13:05,680 INFO example_menu bind complete
2025-08-22 22:13:05,684 INFO content_frame created
2025-08-22 22:13:05,684 INFO content_frame packed
2025-08-22 22:13:05,684 INFO default_envs_frame created
2025-08-22 22:13:05,684 INFO default_envs_frame packed
2025-08-22 22:13:05,685 INFO default_envs_label created
2025-08-22 22:13:05,685 INFO default_envs_label packed
2025-08-22 22:13:05,686 INFO default_envs_entry created
2025-08-22 22:13:05,687 INFO default_envs_entry packed
2025-08-22 22:13:05,688 INFO example_env_label created
2025-08-22 22:13:05,688 INFO example_env_label packed
2025-08-22 22:13:05,691 INFO copy_env_button created
2025-08-22 22:13:05,691 INFO copy_env_button packed
2025-08-22 22:13:05,691 INFO main_row_frame created
2025-08-22 22:13:05,691 INFO main_row_frame packed
2025-08-22 22:13:05,692 INFO workflow_frame created
2025-08-22 22:13:05,692 INFO flash_cards loaded
2025-08-22 22:13:05,692 INFO flash_frame created
2025-08-22 22:13:05,692 INFO flash_frame packed
2025-08-22 22:13:05,693 INFO objective_menu created
2025-08-22 22:13:05,693 INFO objective_menu packed
2025-08-22 22:13:05,693 INFO objective_menu bind complete
2025-08-22 22:13:05,693 INFO flash_card_display_frame created
2025-08-22 22:13:05,693 INFO flash_card_display_frame packed
2025-08-22 22:13:05,694 INFO flash_card_desc_label created
2025-08-22 22:13:05,694 INFO flash_card_desc_label packed
2025-08-22 22:13:05,694 INFO flash_card_files_label created
2025-08-22 22:13:05,694 INFO flash_card_files_label packed
2025-08-22 22:13:05,694 INFO flash_card_instructions_label created
2025-08-22 22:13:05,694 INFO flash_card_instructions_label packed
2025-08-22 22:13:05,694 INFO flash_card_related_label created
2025-08-22 22:13:05,694 INFO flash_card_related_label packed
2025-08-22 22:13:05,695 INFO flash_card_docs_label created
2025-08-22 22:13:05,695 INFO flash_card_docs_label packed
2025-08-22 22:13:05,699 INFO flash_card_warnings_label created
2025-08-22 22:13:05,699 INFO flash_card_warnings_label packed
2025-08-22 22:13:05,699 INFO flash_cards loaded
2025-08-22 22:13:05,699 INFO keywords_frame created
2025-08-22 22:13:05,700 INFO keywords_frame packed
2025-08-22 22:13:05,700 INFO update_flash_card_display called
2025-08-22 22:13:05,700 DEBUG Flash card selected: Select objective, card data: {'objective': 'Select objective', 'description': '', 'files to edit': '', 'keywords': [], 'instructions': [], 'related_settings': [], 'docs_link': '', 'warnings': ''}
2025-08-22 22:13:05,700 INFO update_flash_card_keywords called
2025-08-22 22:13:05,700 INFO update_flash_card_display called after all flash card widgets created
2025-08-22 22:13:05,700 INFO workflow_data loaded
2025-08-22 22:13:05,704 INFO editor_frame created
2025-08-22 22:13:05,704 INFO editor_frame packed
2025-08-22 22:13:05,705 INFO current_file_label created
2025-08-22 22:13:05,705 INFO current_file_label packed
2025-08-22 22:13:05,705 INFO edit_label created
2025-08-22 22:13:05,705 INFO edit_label packed
2025-08-22 22:13:05,705 INFO controls_frame created
2025-08-22 22:13:05,705 INFO controls_frame packed
2025-08-22 22:13:05,706 INFO load_base_button created
2025-08-22 22:13:05,706 INFO load_base_button packed
2025-08-22 22:13:05,706 INFO load_example_button created
2025-08-22 22:13:05,706 INFO load_example_button packed
2025-08-22 22:13:05,706 INFO load_selected_button created
2025-08-22 22:13:05,706 INFO load_selected_button packed
2025-08-22 22:13:05,706 INFO filter_frame created
2025-08-22 22:13:05,706 INFO filter_frame packed
2025-08-22 22:13:05,706 INFO keyword_label created
2025-08-22 22:13:05,706 INFO keyword_label packed
2025-08-22 22:13:05,706 INFO keyword_entry created
2025-08-22 22:13:05,707 INFO keyword_entry packed
2025-08-22 22:13:05,707 INFO keyword_entry bound to KeyRelease for live filtering
2025-08-22 22:13:05,707 INFO view_in_context_button created
2025-08-22 22:13:05,707 INFO view_in_context_button packed
2025-08-22 22:13:05,707 INFO save_edit_button created
2025-08-22 22:13:05,707 INFO save_edit_button packed
2025-08-22 22:13:05,707 INFO build_firmware_button created
2025-08-22 22:13:05,708 INFO build_firmware_button packed
2025-08-22 22:13:05,708 INFO editor_frame canvas created
2025-08-22 22:13:05,708 INFO editor_frame scrollbar created
2025-08-22 22:13:05,708 INFO editor_frame scrollbar packed
2025-08-22 22:13:05,708 INFO editor_frame canvas packed
2025-08-22 22:13:05,708 INFO lines_frame created
2025-08-22 22:13:05,708 INFO lines_frame_id created
2025-08-22 22:14:07,088 INFO on_example_select called with value: cr6-se-v4.5.3-mb
2025-08-22 22:14:07,088 DEBUG on_example_select: selected_example.get() before set = cr6-se-v4.5.3-mb
2025-08-22 22:14:07,088 DEBUG on_example_select: selected_example.get() after set = cr6-se-v4.5.3-mb
2025-08-22 22:14:07,088 INFO update_default_envs_label called
2025-08-22 22:14:11,908 INFO on_objective_select called with value: Reverse Stepping Motor Direction
2025-08-22 22:14:11,908 DEBUG on_objective_select: selected_objective.get() before set = Reverse Stepping Motor Direction
2025-08-22 22:14:11,908 DEBUG on_objective_select: selected_objective.get() after set = Reverse Stepping Motor Direction
2025-08-22 22:14:11,908 INFO update_flash_card_display called
2025-08-22 22:14:11,908 DEBUG Flash card selected: Reverse Stepping Motor Direction, card data: {'id': 'invert_motor_direction', 'objective': 'Reverse Stepping Motor Direction', 'description': "Tell Marlin to step a motor in the opposite direction. e.g. 'Pancake' stepper motors commonly used with direct-drive extruders typically turn in the opposite direction to the motors they replace. Users must either physically swap wires in a connector or make this change in Configuration.h.", 'files to edit': 'Configuration.h', 'keywords': ['INVERT_X_DIR', 'INVERT_Y_DIR', 'INVERT_Z_DIR', 'INVERT_E0_DIR'], 'instructions': ['Click the Keyword corresponding to the motor whose direction you want to reverse.', 'Set the value to the opposite of whatever is now in Configuration.h (true or false)', 'to reverse the motor direction.', 'Save Edit to commit the change.', 'Save File to upload the modified configuration.'], 'related_settings': [], 'docs_link': 'https://marlinfw.org/docs/configuration/configuration.html#motor-direction', 'warnings': 'Incorrect motor direction value will cause the printer to behave unexpectedly.'}
2025-08-22 22:14:11,909 INFO update_flash_card_keywords called
2025-08-22 22:14:14,803 INFO apply_keyword_filter called
2025-08-22 22:14:23,238 INFO load_base_config called
2025-08-22 22:14:23,238 INFO load_config_file called with file_path: /home/stephen/CR6Community-Marlin_TB/Marlin/Configuration_adv.h
2025-08-22 22:14:23,242 INFO show_lines called
2025-08-22 22:14:23,242 INFO Displaying 4201 lines, first line_num: 0
2025-08-22 22:14:25,489 INFO apply_keyword_filter called
2025-08-22 22:14:25,492 INFO show_lines called
2025-08-22 22:14:25,495 INFO Displaying 0 lines, first line_num: None
2025-08-22 22:14:27,539 INFO apply_keyword_filter called
2025-08-22 22:14:27,542 INFO show_lines called
2025-08-22 22:14:27,542 INFO Displaying 0 lines, first line_num: None
2025-08-22 22:14:29,875 INFO apply_keyword_filter called
2025-08-22 22:14:29,875 INFO show_lines called
2025-08-22 22:14:29,876 INFO Displaying 4201 lines, first line_num: 0
2025-08-22 22:14:35,157 INFO on_objective_select called with value: Increase max print temperature limit
2025-08-22 22:14:35,157 DEBUG on_objective_select: selected_objective.get() before set = Increase max print temperature limit
2025-08-22 22:14:35,157 DEBUG on_objective_select: selected_objective.get() after set = Increase max print temperature limit
2025-08-22 22:14:35,157 INFO update_flash_card_display called
2025-08-22 22:14:35,157 DEBUG Flash card selected: Increase max print temperature limit, card data: {'id': 'max_print_temp', 'objective': 'Increase max print temperature limit', 'description': 'Raise the maximum allowed hotend temperature for your printer. Useful for high-temp filaments or upgraded hotends.', 'files to edit': 'Configuration.h', 'keywords': ['HEATER_0_MAXTEMP'], 'instructions': ['Search for HEATER_0_MAXTEMP in Configuration.h.', 'Increase the value', "but do not exceed your hardware's safe limit.", 'Marlin will not allow nozzle temperature settings higher than the value of HEATER_0_MAXTEMP minus HOTEND_OVERSHOOT.', 'e.g. if HEATER_0_MAXTEMP = 375 and HOTEND_OVERSHOOT = 15 the maximum nozzle temperature is 360.', 'Save Edit to commit the change.', 'Save File to upload the modified configuration.'], 'related_settings': ['HOTEND_OVERSHOOT'], 'docs_link': 'https://marlinfw.org/docs/configuration/configuration.html#temperature-limits', 'warnings': 'Default of 275 is to protect users against PTFE tube off-gassing. Only increase if you have an all-metal hotend.'}
2025-08-22 22:14:35,158 INFO update_flash_card_keywords called
2025-08-22 22:14:41,324 INFO on_example_select called with value: btt-skr-cr6-with-stock-creality-tft-neopixel
2025-08-22 22:14:41,324 DEBUG on_example_select: selected_example.get() before set = btt-skr-cr6-with-stock-creality-tft-neopixel
2025-08-22 22:14:41,324 DEBUG on_example_select: selected_example.get() after set = btt-skr-cr6-with-stock-creality-tft-neopixel
2025-08-22 22:14:41,324 INFO update_default_envs_label called
2025-08-22 22:14:57,642 INFO load_config_file called with file_path: /home/stephen/CR6Community-Marlin_TB/config/btt-skr-cr6-with-stock-creality-tft-neopixel/Configuration.h
2025-08-22 22:14:57,648 INFO show_lines called
2025-08-22 22:14:57,652 INFO Displaying 2930 lines, first line_num: 0
2025-08-22 22:14:59,629 INFO apply_keyword_filter called
2025-08-22 22:14:59,631 INFO show_lines called
2025-08-22 22:14:59,634 INFO Displaying 1 lines, first line_num: 568
2025-08-22 22:15:51,888 INFO on_example_select called with value: cr6-se-v4.5.3-mb
2025-08-22 22:15:51,888 DEBUG on_example_select: selected_example.get() before set = cr6-se-v4.5.3-mb
2025-08-22 22:15:51,890 DEBUG on_example_select: selected_example.get() after set = cr6-se-v4.5.3-mb
2025-08-22 22:15:51,890 INFO update_default_envs_label called
2025-08-22 22:15:54,995 INFO copy_env_to_platformio called
2025-08-22 22:15:57,630 INFO update_default_envs_label called
2025-08-22 22:15:57,634 INFO update_default_envs_label called
2025-08-22 22:15:57,637 INFO update_default_envs_label called
2025-08-22 22:16:08,503 INFO on_objective_select called with value: Increase max print temperature limit
2025-08-22 22:16:08,503 DEBUG on_objective_select: selected_objective.get() before set = Increase max print temperature limit
2025-08-22 22:16:08,503 DEBUG on_objective_select: selected_objective.get() after set = Increase max print temperature limit
2025-08-22 22:16:08,503 INFO update_flash_card_display called
2025-08-22 22:16:08,503 DEBUG Flash card selected: Increase max print temperature limit, card data: {'id': 'max_print_temp', 'objective': 'Increase max print temperature limit', 'description': 'Raise the maximum allowed hotend temperature for your printer. Useful for high-temp filaments or upgraded hotends.', 'files to edit': 'Configuration.h', 'keywords': ['HEATER_0_MAXTEMP'], 'instructions': ['Search for HEATER_0_MAXTEMP in Configuration.h.', 'Increase the value', "but do not exceed your hardware's safe limit.", 'Marlin will not allow nozzle temperature settings higher than the value of HEATER_0_MAXTEMP minus HOTEND_OVERSHOOT.', 'e.g. if HEATER_0_MAXTEMP = 375 and HOTEND_OVERSHOOT = 15 the maximum nozzle temperature is 360.', 'Save Edit to commit the change.', 'Save File to upload the modified configuration.'], 'related_settings': ['HOTEND_OVERSHOOT'], 'docs_link': 'https://marlinfw.org/docs/configuration/configuration.html#temperature-limits', 'warnings': 'Default of 275 is to protect users against PTFE tube off-gassing. Only increase if you have an all-metal hotend.'}
2025-08-22 22:16:08,504 INFO update_flash_card_keywords called
2025-08-22 22:16:20,199 INFO view_in_context called
2025-08-22 22:16:20,199 INFO view_in_context: selected line_num=568
2025-08-22 22:16:20,199 INFO show_lines called
2025-08-22 22:16:20,200 INFO Displaying 199 lines, first line_num: 469
2025-08-22 22:16:26,257 INFO on_example_select called with value: cr6-se-v4.5.2-mb-no-watchdog
2025-08-22 22:16:26,257 DEBUG on_example_select: selected_example.get() before set = cr6-se-v4.5.2-mb-no-watchdog
2025-08-22 22:16:26,257 DEBUG on_example_select: selected_example.get() after set = cr6-se-v4.5.2-mb-no-watchdog
2025-08-22 22:16:26,258 INFO update_default_envs_label called
2025-08-22 22:16:34,086 INFO on_example_select called with value: btt-skr-cr6-with-stock-creality-tft-neopixel
2025-08-22 22:16:34,086 DEBUG on_example_select: selected_example.get() before set = btt-skr-cr6-with-stock-creality-tft-neopixel
2025-08-22 22:16:34,087 DEBUG on_example_select: selected_example.get() after set = btt-skr-cr6-with-stock-creality-tft-neopixel
2025-08-22 22:16:34,087 INFO update_default_envs_label called
2025-08-22 22:16:36,559 INFO copy_env_to_platformio called
2025-08-22 22:16:38,580 INFO update_default_envs_label called
2025-08-22 22:16:38,588 INFO update_default_envs_label called
2025-08-22 22:16:38,590 INFO update_default_envs_label called
2025-08-22 22:16:47,059 INFO on_objective_select called with value: Reverse Stepping Motor Direction
2025-08-22 22:16:47,059 DEBUG on_objective_select: selected_objective.get() before set = Reverse Stepping Motor Direction
2025-08-22 22:16:47,059 DEBUG on_objective_select: selected_objective.get() after set = Reverse Stepping Motor Direction
2025-08-22 22:16:47,059 INFO update_flash_card_display called
2025-08-22 22:16:47,059 DEBUG Flash card selected: Reverse Stepping Motor Direction, card data: {'id': 'invert_motor_direction', 'objective': 'Reverse Stepping Motor Direction', 'description': "Tell Marlin to step a motor in the opposite direction. e.g. 'Pancake' stepper motors commonly used with direct-drive extruders typically turn in the opposite direction to the motors they replace. Users must either physically swap wires in a connector or make this change in Configuration.h.", 'files to edit': 'Configuration.h', 'keywords': ['INVERT_X_DIR', 'INVERT_Y_DIR', 'INVERT_Z_DIR', 'INVERT_E0_DIR'], 'instructions': ['Click the Keyword corresponding to the motor whose direction you want to reverse.', 'Set the value to the opposite of whatever is now in Configuration.h (true or false)', 'to reverse the motor direction.', 'Save Edit to commit the change.', 'Save File to upload the modified configuration.'], 'related_settings': [], 'docs_link': 'https://marlinfw.org/docs/configuration/configuration.html#motor-direction', 'warnings': 'Incorrect motor direction value will cause the printer to behave unexpectedly.'}
2025-08-22 22:16:47,060 INFO update_flash_card_keywords called
2025-08-22 22:17:18,081 INFO on_example_select called with value: btt-skr-cr6-with-btt-tft-biqu-h2
2025-08-22 22:17:18,081 DEBUG on_example_select: selected_example.get() before set = btt-skr-cr6-with-btt-tft-biqu-h2
2025-08-22 22:17:18,082 DEBUG on_example_select: selected_example.get() after set = btt-skr-cr6-with-btt-tft-biqu-h2
2025-08-22 22:17:18,082 INFO update_default_envs_label called
2025-08-22 22:17:23,772 INFO on_example_select called with value: cr6-max-btt-skr-cr6-with-stock-creality-tft
2025-08-22 22:17:23,773 DEBUG on_example_select: selected_example.get() before set = cr6-max-btt-skr-cr6-with-stock-creality-tft
2025-08-22 22:17:23,773 DEBUG on_example_select: selected_example.get() after set = cr6-max-btt-skr-cr6-with-stock-creality-tft
2025-08-22 22:17:23,773 INFO update_default_envs_label called
2025-08-22 22:17:33,324 INFO on_objective_select called with value: Change nozzle thermistor type
2025-08-22 22:17:33,324 DEBUG on_objective_select: selected_objective.get() before set = Change nozzle thermistor type
2025-08-22 22:17:33,324 DEBUG on_objective_select: selected_objective.get() after set = Change nozzle thermistor type
2025-08-22 22:17:33,324 INFO update_flash_card_display called
2025-08-22 22:17:33,325 DEBUG Flash card selected: Change nozzle thermistor type, card data: {'id': 'change_nozzle_thermistor', 'objective': 'Change nozzle thermistor type', 'description': 'Set the correct thermistor type for your hotend to ensure accurate temperature readings.', 'files to edit': 'Configuration.h', 'keywords': ['TEMP_SENSOR_0'], 'instructions': ['Search for TEMP_SENSOR_0 in Configuration.h.', "Set the value to match your thermistor type (see Marlin's thermistor table in the comments above this setting).", 'Save Edit to commit the change.', 'Save File to upload the modified configuration.'], 'related_settings': [], 'docs_link': 'https://marlinfw.org/docs/configuration/configuration.html#temperature-sensors', 'warnings': 'Incorrect thermistor type value will cause inaccurate readings and Marlin may shut down the printer.'}
2025-08-22 22:17:33,325 INFO update_flash_card_keywords called
